2023-04-02 13:40:14,643 INFO o.a.j.u.JMeterUtils: Setting Locale to en_EN
2023-04-02 13:40:14,666 INFO o.a.j.JMeter: Loading user properties from: user.properties
2023-04-02 13:40:14,667 INFO o.a.j.JMeter: Loading system properties from: system.properties
2023-04-02 13:40:14,676 INFO o.a.j.JMeter: Copyright (c) 1998-2022 The Apache Software Foundation
2023-04-02 13:40:14,676 INFO o.a.j.JMeter: Version 5.5
2023-04-02 13:40:14,676 INFO o.a.j.JMeter: java.version=17.0.6
2023-04-02 13:40:14,676 INFO o.a.j.JMeter: java.vm.name=Java HotSpot(TM) 64-Bit Server VM
2023-04-02 13:40:14,676 INFO o.a.j.JMeter: os.name=Windows 10
2023-04-02 13:40:14,677 INFO o.a.j.JMeter: os.arch=amd64
2023-04-02 13:40:14,677 INFO o.a.j.JMeter: os.version=10.0
2023-04-02 13:40:14,677 INFO o.a.j.JMeter: file.encoding=Cp1252
2023-04-02 13:40:14,677 INFO o.a.j.JMeter: java.awt.headless=null
2023-04-02 13:40:14,677 INFO o.a.j.JMeter: Max memory     =1073741824
2023-04-02 13:40:14,677 INFO o.a.j.JMeter: Available Processors =8
2023-04-02 13:40:14,687 INFO o.a.j.JMeter: Default Locale=English (EN)
2023-04-02 13:40:14,687 INFO o.a.j.JMeter: JMeter  Locale=English (EN)
2023-04-02 13:40:14,687 INFO o.a.j.JMeter: JMeterHome=C:\Users\bspad\OneDrive\Desktop\Java Programming\Spring\Microservices\apache-jmeter-5.5
2023-04-02 13:40:14,687 INFO o.a.j.JMeter: user.dir  =C:\Users\bspad\OneDrive\Desktop\Java Programming\Spring\Microservices\apache-jmeter-5.5\bin
2023-04-02 13:40:14,688 INFO o.a.j.JMeter: PWD       =C:\Users\bspad\OneDrive\Desktop\Java Programming\Spring\Microservices\apache-jmeter-5.5\bin
2023-04-02 13:40:14,702 INFO o.a.j.JMeter: IP: 192.168.1.18 Name: LAPTOP-9A2Q7029 FullName: LAPTOP-9A2Q7029.bbrouter
2023-04-02 13:40:14,709 INFO o.a.j.JMeter: Loaded icon properties from org/apache/jmeter/images/icon.properties
2023-04-02 13:40:14,917 INFO o.a.j.JMeterGuiLauncher: Setting LAF to: com.github.weisj.darklaf.DarkLaf:com.github.weisj.darklaf.theme.DarculaTheme
2023-04-02 13:42:14,770 INFO o.a.j.p.h.s.HTTPSamplerBase: Parser for text/html is org.apache.jmeter.protocol.http.parser.LagartoBasedHtmlParser
2023-04-02 13:42:14,772 INFO o.a.j.p.h.s.HTTPSamplerBase: Parser for application/xhtml+xml is org.apache.jmeter.protocol.http.parser.LagartoBasedHtmlParser
2023-04-02 13:42:14,772 INFO o.a.j.p.h.s.HTTPSamplerBase: Parser for application/xml is org.apache.jmeter.protocol.http.parser.LagartoBasedHtmlParser
2023-04-02 13:42:14,773 INFO o.a.j.p.h.s.HTTPSamplerBase: Parser for text/xml is org.apache.jmeter.protocol.http.parser.LagartoBasedHtmlParser
2023-04-02 13:42:14,773 INFO o.a.j.p.h.s.HTTPSamplerBase: Parser for text/vnd.wap.wml is org.apache.jmeter.protocol.http.parser.RegexpHTMLParser
2023-04-02 13:42:14,773 INFO o.a.j.p.h.s.HTTPSamplerBase: Parser for text/css is org.apache.jmeter.protocol.http.parser.CssParser
2023-04-02 13:44:23,249 INFO o.a.j.s.SampleResult: Note: Sample TimeStamps are START times
2023-04-02 13:44:23,250 INFO o.a.j.s.SampleResult: sampleresult.default.encoding is set to ISO-8859-1
2023-04-02 13:44:23,250 INFO o.a.j.s.SampleResult: sampleresult.useNanoTime=true
2023-04-02 13:44:23,251 INFO o.a.j.s.SampleResult: sampleresult.nanoThreadSleep=5000
2023-04-02 13:44:23,469 INFO o.a.j.v.ViewResultsFullVisualizer: Add JavaFX to your Java installation if you want to use renderer: org.apache.jmeter.visualizers.RenderInBrowser
2023-04-02 13:45:02,717 INFO o.a.j.s.FileServer: Default base='C:\Users\bspad\OneDrive\Desktop\Java Programming\Spring\Microservices\apache-jmeter-5.5\bin'
2023-04-02 13:45:02,718 INFO o.a.j.s.FileServer: Set new base='C:\Users\bspad\OneDrive\Desktop\Java Programming\Spring\Microservices\apache-jmeter-5.5\bin'
2023-04-02 13:45:02,951 INFO o.a.j.s.SaveService: Testplan (JMX) version: 2.2. Testlog (JTL) version: 2.2
2023-04-02 13:45:02,983 INFO o.a.j.s.SaveService: Using SaveService properties version 5.0
2023-04-02 13:45:02,986 INFO o.a.j.s.SaveService: Using SaveService properties file encoding UTF-8
2023-04-02 13:45:03,024 INFO o.a.j.e.StandardJMeterEngine: Running the test!
2023-04-02 13:45:03,025 INFO o.a.j.s.SampleEvent: List of sample_variables: []
2023-04-02 13:45:03,026 INFO o.a.j.s.SampleEvent: List of sample_variables: []
2023-04-02 13:45:03,027 INFO o.a.j.e.u.CompoundVariable: Note: Function class names must contain the string: '.functions.'
2023-04-02 13:45:03,027 INFO o.a.j.e.u.CompoundVariable: Note: Function class names must not contain the string: '.gui.'
2023-04-02 13:45:03,079 INFO o.a.j.g.u.JMeterMenuBar: setRunning(true, *local*)
2023-04-02 13:45:03,116 INFO o.a.j.e.StandardJMeterEngine: Starting ThreadGroup: 1 : Thread Group
2023-04-02 13:45:03,116 INFO o.a.j.e.StandardJMeterEngine: Starting 15 threads for group Thread Group.
2023-04-02 13:45:03,117 INFO o.a.j.e.StandardJMeterEngine: Thread will continue on error
2023-04-02 13:45:03,117 INFO o.a.j.t.ThreadGroup: Starting thread group... number=1 threads=15 ramp-up=1 delayedStart=false
2023-04-02 13:45:03,122 INFO o.a.j.t.JMeterThread: Thread started: Thread Group 1-1
2023-04-02 13:45:03,127 INFO o.a.j.t.ThreadGroup: Started thread group number 1
2023-04-02 13:45:03,127 INFO o.a.j.e.StandardJMeterEngine: All thread groups have been started
2023-04-02 13:45:03,140 INFO o.a.j.p.h.s.HTTPHCAbstractImpl: Local host = LAPTOP-9A2Q7029
2023-04-02 13:45:03,153 INFO o.a.j.p.h.s.HTTPHC4Impl: HTTP request retry count = 0
2023-04-02 13:45:03,187 INFO o.a.j.t.JMeterThread: Thread started: Thread Group 1-2
2023-04-02 13:45:03,253 INFO o.a.j.t.JMeterThread: Thread started: Thread Group 1-3
2023-04-02 13:45:03,321 INFO o.a.j.t.JMeterThread: Thread started: Thread Group 1-4
2023-04-02 13:45:03,387 INFO o.a.j.t.JMeterThread: Thread started: Thread Group 1-5
2023-04-02 13:45:03,455 INFO o.a.j.t.JMeterThread: Thread started: Thread Group 1-6
2023-04-02 13:45:03,467 INFO o.a.j.t.JMeterThread: Thread is done: Thread Group 1-3
2023-04-02 13:45:03,467 INFO o.a.j.t.JMeterThread: Thread is done: Thread Group 1-6
2023-04-02 13:45:03,467 INFO o.a.j.t.JMeterThread: Thread is done: Thread Group 1-5
2023-04-02 13:45:03,467 INFO o.a.j.t.JMeterThread: Thread is done: Thread Group 1-2
2023-04-02 13:45:03,468 INFO o.a.j.t.JMeterThread: Thread finished: Thread Group 1-3
2023-04-02 13:45:03,468 INFO o.a.j.t.JMeterThread: Thread finished: Thread Group 1-6
2023-04-02 13:45:03,468 INFO o.a.j.t.JMeterThread: Thread finished: Thread Group 1-5
2023-04-02 13:45:03,468 INFO o.a.j.t.JMeterThread: Thread finished: Thread Group 1-2
2023-04-02 13:45:03,521 INFO o.a.j.t.JMeterThread: Thread started: Thread Group 1-7
2023-04-02 13:45:03,532 INFO o.a.j.t.JMeterThread: Thread is done: Thread Group 1-7
2023-04-02 13:45:03,532 INFO o.a.j.t.JMeterThread: Thread finished: Thread Group 1-7
2023-04-02 13:45:03,589 INFO o.a.j.t.JMeterThread: Thread started: Thread Group 1-8
2023-04-02 13:45:03,597 INFO o.a.j.t.JMeterThread: Thread is done: Thread Group 1-8
2023-04-02 13:45:03,597 INFO o.a.j.t.JMeterThread: Thread finished: Thread Group 1-8
2023-04-02 13:45:03,640 INFO o.a.j.t.JMeterThread: Thread is done: Thread Group 1-4
2023-04-02 13:45:03,640 INFO o.a.j.t.JMeterThread: Thread is done: Thread Group 1-1
2023-04-02 13:45:03,641 INFO o.a.j.t.JMeterThread: Thread finished: Thread Group 1-4
2023-04-02 13:45:03,641 INFO o.a.j.t.JMeterThread: Thread finished: Thread Group 1-1
2023-04-02 13:45:03,655 INFO o.a.j.t.JMeterThread: Thread started: Thread Group 1-9
2023-04-02 13:45:03,662 INFO o.a.j.t.JMeterThread: Thread is done: Thread Group 1-9
2023-04-02 13:45:03,662 INFO o.a.j.t.JMeterThread: Thread finished: Thread Group 1-9
2023-04-02 13:45:03,722 INFO o.a.j.t.JMeterThread: Thread started: Thread Group 1-10
2023-04-02 13:45:03,738 INFO o.a.j.t.JMeterThread: Thread is done: Thread Group 1-10
2023-04-02 13:45:03,739 INFO o.a.j.t.JMeterThread: Thread finished: Thread Group 1-10
2023-04-02 13:45:03,788 INFO o.a.j.t.JMeterThread: Thread started: Thread Group 1-11
2023-04-02 13:45:03,817 INFO o.a.j.t.JMeterThread: Thread is done: Thread Group 1-11
2023-04-02 13:45:03,817 INFO o.a.j.t.JMeterThread: Thread finished: Thread Group 1-11
2023-04-02 13:45:03,856 INFO o.a.j.t.JMeterThread: Thread started: Thread Group 1-12
2023-04-02 13:45:03,874 INFO o.a.j.t.JMeterThread: Thread is done: Thread Group 1-12
2023-04-02 13:45:03,875 INFO o.a.j.t.JMeterThread: Thread finished: Thread Group 1-12
2023-04-02 13:45:03,926 INFO o.a.j.t.JMeterThread: Thread started: Thread Group 1-13
2023-04-02 13:45:03,942 INFO o.a.j.t.JMeterThread: Thread is done: Thread Group 1-13
2023-04-02 13:45:03,943 INFO o.a.j.t.JMeterThread: Thread finished: Thread Group 1-13
2023-04-02 13:45:03,990 INFO o.a.j.t.JMeterThread: Thread started: Thread Group 1-14
2023-04-02 13:45:04,010 INFO o.a.j.t.JMeterThread: Thread is done: Thread Group 1-14
2023-04-02 13:45:04,011 INFO o.a.j.t.JMeterThread: Thread finished: Thread Group 1-14
2023-04-02 13:45:04,057 INFO o.a.j.t.JMeterThread: Thread started: Thread Group 1-15
2023-04-02 13:45:04,067 INFO o.a.j.t.JMeterThread: Thread is done: Thread Group 1-15
2023-04-02 13:45:04,067 INFO o.a.j.t.JMeterThread: Thread finished: Thread Group 1-15
2023-04-02 13:45:04,068 INFO o.a.j.e.StandardJMeterEngine: Notifying test listeners of end of test
2023-04-02 13:45:04,069 INFO o.a.j.g.u.JMeterMenuBar: setRunning(false, *local*)
2023-04-02 13:46:13,834 INFO o.a.j.e.StandardJMeterEngine: Running the test!
2023-04-02 13:46:13,835 INFO o.a.j.s.SampleEvent: List of sample_variables: []
2023-04-02 13:46:13,837 INFO o.a.j.g.u.JMeterMenuBar: setRunning(true, *local*)
2023-04-02 13:46:13,900 INFO o.a.j.e.StandardJMeterEngine: Starting ThreadGroup: 1 : Thread Group
2023-04-02 13:46:13,900 INFO o.a.j.e.StandardJMeterEngine: Starting 15 threads for group Thread Group.
2023-04-02 13:46:13,901 INFO o.a.j.e.StandardJMeterEngine: Thread will continue on error
2023-04-02 13:46:13,901 INFO o.a.j.t.ThreadGroup: Starting thread group... number=1 threads=15 ramp-up=1 delayedStart=false
2023-04-02 13:46:13,903 INFO o.a.j.t.JMeterThread: Thread started: Thread Group 1-1
2023-04-02 13:46:13,912 INFO o.a.j.t.ThreadGroup: Started thread group number 1
2023-04-02 13:46:13,912 INFO o.a.j.e.StandardJMeterEngine: All thread groups have been started
2023-04-02 13:46:13,970 INFO o.a.j.t.JMeterThread: Thread started: Thread Group 1-2
2023-04-02 13:46:14,037 INFO o.a.j.t.JMeterThread: Thread started: Thread Group 1-3
2023-04-02 13:46:14,105 INFO o.a.j.t.JMeterThread: Thread started: Thread Group 1-4
2023-04-02 13:46:14,131 INFO o.a.j.t.JMeterThread: Thread is done: Thread Group 1-1
2023-04-02 13:46:14,131 INFO o.a.j.t.JMeterThread: Thread is done: Thread Group 1-4
2023-04-02 13:46:14,132 INFO o.a.j.t.JMeterThread: Thread finished: Thread Group 1-1
2023-04-02 13:46:14,132 INFO o.a.j.t.JMeterThread: Thread finished: Thread Group 1-4
2023-04-02 13:46:14,172 INFO o.a.j.t.JMeterThread: Thread started: Thread Group 1-5
2023-04-02 13:46:14,182 INFO o.a.j.t.JMeterThread: Thread is done: Thread Group 1-5
2023-04-02 13:46:14,182 INFO o.a.j.t.JMeterThread: Thread finished: Thread Group 1-5
2023-04-02 13:46:14,238 INFO o.a.j.t.JMeterThread: Thread started: Thread Group 1-6
2023-04-02 13:46:14,247 INFO o.a.j.t.JMeterThread: Thread is done: Thread Group 1-6
2023-04-02 13:46:14,248 INFO o.a.j.t.JMeterThread: Thread finished: Thread Group 1-6
2023-04-02 13:46:14,305 INFO o.a.j.t.JMeterThread: Thread started: Thread Group 1-7
2023-04-02 13:46:14,315 INFO o.a.j.t.JMeterThread: Thread is done: Thread Group 1-7
2023-04-02 13:46:14,316 INFO o.a.j.t.JMeterThread: Thread finished: Thread Group 1-7
2023-04-02 13:46:14,355 INFO o.a.j.t.JMeterThread: Thread is done: Thread Group 1-3
2023-04-02 13:46:14,355 INFO o.a.j.t.JMeterThread: Thread is done: Thread Group 1-2
2023-04-02 13:46:14,355 INFO o.a.j.t.JMeterThread: Thread finished: Thread Group 1-3
2023-04-02 13:46:14,355 INFO o.a.j.t.JMeterThread: Thread finished: Thread Group 1-2
2023-04-02 13:46:14,373 INFO o.a.j.t.JMeterThread: Thread started: Thread Group 1-8
2023-04-02 13:46:14,382 INFO o.a.j.t.JMeterThread: Thread is done: Thread Group 1-8
2023-04-02 13:46:14,382 INFO o.a.j.t.JMeterThread: Thread finished: Thread Group 1-8
2023-04-02 13:46:14,440 INFO o.a.j.t.JMeterThread: Thread started: Thread Group 1-9
2023-04-02 13:46:14,450 INFO o.a.j.t.JMeterThread: Thread is done: Thread Group 1-9
2023-04-02 13:46:14,450 INFO o.a.j.t.JMeterThread: Thread finished: Thread Group 1-9
2023-04-02 13:46:14,508 INFO o.a.j.t.JMeterThread: Thread started: Thread Group 1-10
2023-04-02 13:46:14,516 INFO o.a.j.t.JMeterThread: Thread is done: Thread Group 1-10
2023-04-02 13:46:14,517 INFO o.a.j.t.JMeterThread: Thread finished: Thread Group 1-10
2023-04-02 13:46:14,573 INFO o.a.j.t.JMeterThread: Thread started: Thread Group 1-11
2023-04-02 13:46:14,589 INFO o.a.j.t.JMeterThread: Thread is done: Thread Group 1-11
2023-04-02 13:46:14,590 INFO o.a.j.t.JMeterThread: Thread finished: Thread Group 1-11
2023-04-02 13:46:14,640 INFO o.a.j.t.JMeterThread: Thread started: Thread Group 1-12
2023-04-02 13:46:14,654 INFO o.a.j.t.JMeterThread: Thread is done: Thread Group 1-12
2023-04-02 13:46:14,654 INFO o.a.j.t.JMeterThread: Thread finished: Thread Group 1-12
2023-04-02 13:46:14,706 INFO o.a.j.t.JMeterThread: Thread started: Thread Group 1-13
2023-04-02 13:46:14,722 INFO o.a.j.t.JMeterThread: Thread is done: Thread Group 1-13
2023-04-02 13:46:14,722 INFO o.a.j.t.JMeterThread: Thread finished: Thread Group 1-13
2023-04-02 13:46:14,774 INFO o.a.j.t.JMeterThread: Thread started: Thread Group 1-14
2023-04-02 13:46:14,793 INFO o.a.j.t.JMeterThread: Thread is done: Thread Group 1-14
2023-04-02 13:46:14,793 INFO o.a.j.t.JMeterThread: Thread finished: Thread Group 1-14
2023-04-02 13:46:14,841 INFO o.a.j.t.JMeterThread: Thread started: Thread Group 1-15
2023-04-02 13:46:14,852 INFO o.a.j.t.JMeterThread: Thread is done: Thread Group 1-15
2023-04-02 13:46:14,852 INFO o.a.j.t.JMeterThread: Thread finished: Thread Group 1-15
2023-04-02 13:46:14,853 INFO o.a.j.e.StandardJMeterEngine: Notifying test listeners of end of test
2023-04-02 13:46:14,853 INFO o.a.j.g.u.JMeterMenuBar: setRunning(false, *local*)
2023-04-02 13:53:15,257 INFO o.a.j.e.StandardJMeterEngine: Running the test!
2023-04-02 13:53:15,258 INFO o.a.j.s.SampleEvent: List of sample_variables: []
2023-04-02 13:53:15,259 INFO o.a.j.g.u.JMeterMenuBar: setRunning(true, *local*)
2023-04-02 13:53:15,322 INFO o.a.j.e.StandardJMeterEngine: Starting ThreadGroup: 1 : Thread Group
2023-04-02 13:53:15,323 INFO o.a.j.e.StandardJMeterEngine: Starting 15 threads for group Thread Group.
2023-04-02 13:53:15,323 INFO o.a.j.e.StandardJMeterEngine: Thread will continue on error
2023-04-02 13:53:15,323 INFO o.a.j.t.ThreadGroup: Starting thread group... number=1 threads=15 ramp-up=1 delayedStart=false
2023-04-02 13:53:15,325 INFO o.a.j.t.JMeterThread: Thread started: Thread Group 1-1
2023-04-02 13:53:15,333 INFO o.a.j.t.ThreadGroup: Started thread group number 1
2023-04-02 13:53:15,333 INFO o.a.j.e.StandardJMeterEngine: All thread groups have been started
2023-04-02 13:53:15,362 INFO o.a.j.t.JMeterThread: Thread is done: Thread Group 1-1
2023-04-02 13:53:15,362 INFO o.a.j.t.JMeterThread: Thread finished: Thread Group 1-1
2023-04-02 13:53:15,393 INFO o.a.j.t.JMeterThread: Thread started: Thread Group 1-2
2023-04-02 13:53:15,423 INFO o.a.j.t.JMeterThread: Thread is done: Thread Group 1-2
2023-04-02 13:53:15,424 INFO o.a.j.t.JMeterThread: Thread finished: Thread Group 1-2
2023-04-02 13:53:15,460 INFO o.a.j.t.JMeterThread: Thread started: Thread Group 1-3
2023-04-02 13:53:15,476 INFO o.a.j.t.JMeterThread: Thread is done: Thread Group 1-3
2023-04-02 13:53:15,476 INFO o.a.j.t.JMeterThread: Thread finished: Thread Group 1-3
2023-04-02 13:53:15,527 INFO o.a.j.t.JMeterThread: Thread started: Thread Group 1-4
2023-04-02 13:53:15,550 INFO o.a.j.t.JMeterThread: Thread is done: Thread Group 1-4
2023-04-02 13:53:15,550 INFO o.a.j.t.JMeterThread: Thread finished: Thread Group 1-4
2023-04-02 13:53:15,594 INFO o.a.j.t.JMeterThread: Thread started: Thread Group 1-5
2023-04-02 13:53:15,604 INFO o.a.j.t.JMeterThread: Thread is done: Thread Group 1-5
2023-04-02 13:53:15,604 INFO o.a.j.t.JMeterThread: Thread finished: Thread Group 1-5
2023-04-02 13:53:15,660 INFO o.a.j.t.JMeterThread: Thread started: Thread Group 1-6
2023-04-02 13:53:15,669 INFO o.a.j.t.JMeterThread: Thread is done: Thread Group 1-6
2023-04-02 13:53:15,670 INFO o.a.j.t.JMeterThread: Thread finished: Thread Group 1-6
2023-04-02 13:53:15,729 INFO o.a.j.t.JMeterThread: Thread started: Thread Group 1-7
2023-04-02 13:53:15,742 INFO o.a.j.t.JMeterThread: Thread is done: Thread Group 1-7
2023-04-02 13:53:15,742 INFO o.a.j.t.JMeterThread: Thread finished: Thread Group 1-7
2023-04-02 13:53:15,794 INFO o.a.j.t.JMeterThread: Thread started: Thread Group 1-8
2023-04-02 13:53:15,805 INFO o.a.j.t.JMeterThread: Thread is done: Thread Group 1-8
2023-04-02 13:53:15,806 INFO o.a.j.t.JMeterThread: Thread finished: Thread Group 1-8
2023-04-02 13:53:15,863 INFO o.a.j.t.JMeterThread: Thread started: Thread Group 1-9
2023-04-02 13:53:15,870 INFO o.a.j.t.JMeterThread: Thread is done: Thread Group 1-9
2023-04-02 13:53:15,870 INFO o.a.j.t.JMeterThread: Thread finished: Thread Group 1-9
2023-04-02 13:53:15,929 INFO o.a.j.t.JMeterThread: Thread started: Thread Group 1-10
2023-04-02 13:53:15,938 INFO o.a.j.t.JMeterThread: Thread is done: Thread Group 1-10
2023-04-02 13:53:15,938 INFO o.a.j.t.JMeterThread: Thread finished: Thread Group 1-10
2023-04-02 13:53:15,995 INFO o.a.j.t.JMeterThread: Thread started: Thread Group 1-11
2023-04-02 13:53:16,005 INFO o.a.j.t.JMeterThread: Thread is done: Thread Group 1-11
2023-04-02 13:53:16,006 INFO o.a.j.t.JMeterThread: Thread finished: Thread Group 1-11
2023-04-02 13:53:16,063 INFO o.a.j.t.JMeterThread: Thread started: Thread Group 1-12
2023-04-02 13:53:16,072 INFO o.a.j.t.JMeterThread: Thread is done: Thread Group 1-12
2023-04-02 13:53:16,072 INFO o.a.j.t.JMeterThread: Thread finished: Thread Group 1-12
2023-04-02 13:53:16,129 INFO o.a.j.t.JMeterThread: Thread started: Thread Group 1-13
2023-04-02 13:53:16,138 INFO o.a.j.t.JMeterThread: Thread is done: Thread Group 1-13
2023-04-02 13:53:16,138 INFO o.a.j.t.JMeterThread: Thread finished: Thread Group 1-13
2023-04-02 13:53:16,198 INFO o.a.j.t.JMeterThread: Thread started: Thread Group 1-14
2023-04-02 13:53:16,205 INFO o.a.j.t.JMeterThread: Thread is done: Thread Group 1-14
2023-04-02 13:53:16,206 INFO o.a.j.t.JMeterThread: Thread finished: Thread Group 1-14
2023-04-02 13:53:16,264 INFO o.a.j.t.JMeterThread: Thread started: Thread Group 1-15
2023-04-02 13:53:16,271 INFO o.a.j.t.JMeterThread: Thread is done: Thread Group 1-15
2023-04-02 13:53:16,271 INFO o.a.j.t.JMeterThread: Thread finished: Thread Group 1-15
2023-04-02 13:53:16,272 INFO o.a.j.e.StandardJMeterEngine: Notifying test listeners of end of test
2023-04-02 13:53:16,272 INFO o.a.j.g.u.JMeterMenuBar: setRunning(false, *local*)
2023-04-02 13:54:46,895 INFO o.a.j.e.StandardJMeterEngine: Running the test!
2023-04-02 13:54:46,896 INFO o.a.j.s.SampleEvent: List of sample_variables: []
2023-04-02 13:54:46,899 INFO o.a.j.g.u.JMeterMenuBar: setRunning(true, *local*)
2023-04-02 13:54:46,909 INFO o.a.j.e.StandardJMeterEngine: Starting ThreadGroup: 1 : Thread Group
2023-04-02 13:54:46,909 INFO o.a.j.e.StandardJMeterEngine: Starting 15 threads for group Thread Group.
2023-04-02 13:54:46,910 INFO o.a.j.e.StandardJMeterEngine: Thread will continue on error
2023-04-02 13:54:46,910 INFO o.a.j.t.ThreadGroup: Starting thread group... number=1 threads=15 ramp-up=1 delayedStart=false
2023-04-02 13:54:46,916 INFO o.a.j.t.JMeterThread: Thread started: Thread Group 1-1
2023-04-02 13:54:46,927 INFO o.a.j.t.ThreadGroup: Started thread group number 1
2023-04-02 13:54:46,927 INFO o.a.j.e.StandardJMeterEngine: All thread groups have been started
2023-04-02 13:54:46,987 INFO o.a.j.t.JMeterThread: Thread is done: Thread Group 1-1
2023-04-02 13:54:46,988 INFO o.a.j.t.JMeterThread: Thread finished: Thread Group 1-1
2023-04-02 13:54:46,988 INFO o.a.j.t.JMeterThread: Thread started: Thread Group 1-2
2023-04-02 13:54:47,038 INFO o.a.j.t.JMeterThread: Thread is done: Thread Group 1-2
2023-04-02 13:54:47,039 INFO o.a.j.t.JMeterThread: Thread finished: Thread Group 1-2
2023-04-02 13:54:47,054 INFO o.a.j.t.JMeterThread: Thread started: Thread Group 1-3
2023-04-02 13:54:47,093 INFO o.a.j.t.JMeterThread: Thread is done: Thread Group 1-3
2023-04-02 13:54:47,093 INFO o.a.j.t.JMeterThread: Thread finished: Thread Group 1-3
2023-04-02 13:54:47,123 INFO o.a.j.t.JMeterThread: Thread started: Thread Group 1-4
2023-04-02 13:54:47,142 INFO o.a.j.t.JMeterThread: Thread is done: Thread Group 1-4
2023-04-02 13:54:47,143 INFO o.a.j.t.JMeterThread: Thread finished: Thread Group 1-4
2023-04-02 13:54:47,188 INFO o.a.j.t.JMeterThread: Thread started: Thread Group 1-5
2023-04-02 13:54:47,207 INFO o.a.j.t.JMeterThread: Thread is done: Thread Group 1-5
2023-04-02 13:54:47,207 INFO o.a.j.t.JMeterThread: Thread finished: Thread Group 1-5
2023-04-02 13:54:47,253 INFO o.a.j.t.JMeterThread: Thread started: Thread Group 1-6
2023-04-02 13:54:47,270 INFO o.a.j.t.JMeterThread: Thread is done: Thread Group 1-6
2023-04-02 13:54:47,270 INFO o.a.j.t.JMeterThread: Thread finished: Thread Group 1-6
2023-04-02 13:54:47,317 INFO o.a.j.t.JMeterThread: Thread started: Thread Group 1-7
2023-04-02 13:54:47,340 INFO o.a.j.t.JMeterThread: Thread is done: Thread Group 1-7
2023-04-02 13:54:47,340 INFO o.a.j.t.JMeterThread: Thread finished: Thread Group 1-7
2023-04-02 13:54:47,385 INFO o.a.j.t.JMeterThread: Thread started: Thread Group 1-8
2023-04-02 13:54:47,406 INFO o.a.j.t.JMeterThread: Thread is done: Thread Group 1-8
2023-04-02 13:54:47,407 INFO o.a.j.t.JMeterThread: Thread finished: Thread Group 1-8
2023-04-02 13:54:47,452 INFO o.a.j.t.JMeterThread: Thread started: Thread Group 1-9
2023-04-02 13:54:47,461 INFO o.a.j.t.JMeterThread: Thread is done: Thread Group 1-9
2023-04-02 13:54:47,461 INFO o.a.j.t.JMeterThread: Thread finished: Thread Group 1-9
2023-04-02 13:54:47,516 INFO o.a.j.t.JMeterThread: Thread started: Thread Group 1-10
2023-04-02 13:54:47,533 INFO o.a.j.t.JMeterThread: Thread is done: Thread Group 1-10
2023-04-02 13:54:47,534 INFO o.a.j.t.JMeterThread: Thread finished: Thread Group 1-10
2023-04-02 13:54:47,584 INFO o.a.j.t.JMeterThread: Thread started: Thread Group 1-11
2023-04-02 13:54:47,593 INFO o.a.j.t.JMeterThread: Thread is done: Thread Group 1-11
2023-04-02 13:54:47,594 INFO o.a.j.t.JMeterThread: Thread finished: Thread Group 1-11
2023-04-02 13:54:47,651 INFO o.a.j.t.JMeterThread: Thread started: Thread Group 1-12
2023-04-02 13:54:47,661 INFO o.a.j.t.JMeterThread: Thread is done: Thread Group 1-12
2023-04-02 13:54:47,661 INFO o.a.j.t.JMeterThread: Thread finished: Thread Group 1-12
2023-04-02 13:54:47,725 INFO o.a.j.t.JMeterThread: Thread started: Thread Group 1-13
2023-04-02 13:54:47,740 INFO o.a.j.t.JMeterThread: Thread is done: Thread Group 1-13
2023-04-02 13:54:47,741 INFO o.a.j.t.JMeterThread: Thread finished: Thread Group 1-13
2023-04-02 13:54:47,793 INFO o.a.j.t.JMeterThread: Thread started: Thread Group 1-14
2023-04-02 13:54:47,822 INFO o.a.j.t.JMeterThread: Thread is done: Thread Group 1-14
2023-04-02 13:54:47,823 INFO o.a.j.t.JMeterThread: Thread finished: Thread Group 1-14
2023-04-02 13:54:47,862 INFO o.a.j.t.JMeterThread: Thread started: Thread Group 1-15
2023-04-02 13:54:47,885 INFO o.a.j.t.JMeterThread: Thread is done: Thread Group 1-15
2023-04-02 13:54:47,885 INFO o.a.j.t.JMeterThread: Thread finished: Thread Group 1-15
2023-04-02 13:54:47,886 INFO o.a.j.e.StandardJMeterEngine: Notifying test listeners of end of test
2023-04-02 13:54:47,887 INFO o.a.j.g.u.JMeterMenuBar: setRunning(false, *local*)
2023-04-02 13:57:56,782 INFO o.a.j.e.StandardJMeterEngine: Running the test!
2023-04-02 13:57:56,783 INFO o.a.j.s.SampleEvent: List of sample_variables: []
2023-04-02 13:57:56,785 INFO o.a.j.g.u.JMeterMenuBar: setRunning(true, *local*)
2023-04-02 13:57:56,855 INFO o.a.j.e.StandardJMeterEngine: Starting ThreadGroup: 1 : Thread Group
2023-04-02 13:57:56,855 INFO o.a.j.e.StandardJMeterEngine: Starting 15 threads for group Thread Group.
2023-04-02 13:57:56,855 INFO o.a.j.e.StandardJMeterEngine: Thread will continue on error
2023-04-02 13:57:56,855 INFO o.a.j.t.ThreadGroup: Starting thread group... number=1 threads=15 ramp-up=1 delayedStart=false
2023-04-02 13:57:56,857 INFO o.a.j.t.JMeterThread: Thread started: Thread Group 1-1
2023-04-02 13:57:56,864 INFO o.a.j.t.ThreadGroup: Started thread group number 1
2023-04-02 13:57:56,865 INFO o.a.j.e.StandardJMeterEngine: All thread groups have been started
2023-04-02 13:57:56,927 INFO o.a.j.t.JMeterThread: Thread started: Thread Group 1-2
2023-04-02 13:57:56,992 INFO o.a.j.t.JMeterThread: Thread started: Thread Group 1-3
2023-04-02 13:57:57,060 INFO o.a.j.t.JMeterThread: Thread started: Thread Group 1-4
2023-04-02 13:57:57,064 INFO o.a.j.t.JMeterThread: Thread is done: Thread Group 1-1
2023-04-02 13:57:57,064 INFO o.a.j.t.JMeterThread: Thread finished: Thread Group 1-1
2023-04-02 13:57:57,068 INFO o.a.j.t.JMeterThread: Thread is done: Thread Group 1-4
2023-04-02 13:57:57,068 INFO o.a.j.t.JMeterThread: Thread finished: Thread Group 1-4
2023-04-02 13:57:57,128 INFO o.a.j.t.JMeterThread: Thread started: Thread Group 1-5
2023-04-02 13:57:57,136 INFO o.a.j.t.JMeterThread: Thread is done: Thread Group 1-5
2023-04-02 13:57:57,136 INFO o.a.j.t.JMeterThread: Thread finished: Thread Group 1-5
2023-04-02 13:57:57,196 INFO o.a.j.t.JMeterThread: Thread started: Thread Group 1-6
2023-04-02 13:57:57,202 INFO o.a.j.t.JMeterThread: Thread is done: Thread Group 1-6
2023-04-02 13:57:57,204 INFO o.a.j.t.JMeterThread: Thread finished: Thread Group 1-6
2023-04-02 13:57:57,218 INFO o.a.j.t.JMeterThread: Thread is done: Thread Group 1-2
2023-04-02 13:57:57,218 INFO o.a.j.t.JMeterThread: Thread is done: Thread Group 1-3
2023-04-02 13:57:57,218 INFO o.a.j.t.JMeterThread: Thread finished: Thread Group 1-2
2023-04-02 13:57:57,219 INFO o.a.j.t.JMeterThread: Thread finished: Thread Group 1-3
2023-04-02 13:57:57,262 INFO o.a.j.t.JMeterThread: Thread started: Thread Group 1-7
2023-04-02 13:57:57,269 INFO o.a.j.t.JMeterThread: Thread is done: Thread Group 1-7
2023-04-02 13:57:57,269 INFO o.a.j.t.JMeterThread: Thread finished: Thread Group 1-7
2023-04-02 13:57:57,328 INFO o.a.j.t.JMeterThread: Thread started: Thread Group 1-8
2023-04-02 13:57:57,334 INFO o.a.j.t.JMeterThread: Thread is done: Thread Group 1-8
2023-04-02 13:57:57,334 INFO o.a.j.t.JMeterThread: Thread finished: Thread Group 1-8
2023-04-02 13:57:57,395 INFO o.a.j.t.JMeterThread: Thread started: Thread Group 1-9
2023-04-02 13:57:57,404 INFO o.a.j.t.JMeterThread: Thread is done: Thread Group 1-9
2023-04-02 13:57:57,404 INFO o.a.j.t.JMeterThread: Thread finished: Thread Group 1-9
2023-04-02 13:57:57,462 INFO o.a.j.t.JMeterThread: Thread started: Thread Group 1-10
2023-04-02 13:57:57,474 INFO o.a.j.t.JMeterThread: Thread is done: Thread Group 1-10
2023-04-02 13:57:57,475 INFO o.a.j.t.JMeterThread: Thread finished: Thread Group 1-10
2023-04-02 13:57:57,529 INFO o.a.j.t.JMeterThread: Thread started: Thread Group 1-11
2023-04-02 13:57:57,542 INFO o.a.j.t.JMeterThread: Thread is done: Thread Group 1-11
2023-04-02 13:57:57,542 INFO o.a.j.t.JMeterThread: Thread finished: Thread Group 1-11
2023-04-02 13:57:57,597 INFO o.a.j.t.JMeterThread: Thread started: Thread Group 1-12
2023-04-02 13:57:57,612 INFO o.a.j.t.JMeterThread: Thread is done: Thread Group 1-12
2023-04-02 13:57:57,612 INFO o.a.j.t.JMeterThread: Thread finished: Thread Group 1-12
2023-04-02 13:57:57,662 INFO o.a.j.t.JMeterThread: Thread started: Thread Group 1-13
2023-04-02 13:57:57,671 INFO o.a.j.t.JMeterThread: Thread is done: Thread Group 1-13
2023-04-02 13:57:57,671 INFO o.a.j.t.JMeterThread: Thread finished: Thread Group 1-13
2023-04-02 13:57:57,730 INFO o.a.j.t.JMeterThread: Thread started: Thread Group 1-14
2023-04-02 13:57:57,736 INFO o.a.j.t.JMeterThread: Thread is done: Thread Group 1-14
2023-04-02 13:57:57,736 INFO o.a.j.t.JMeterThread: Thread finished: Thread Group 1-14
2023-04-02 13:57:57,797 INFO o.a.j.t.JMeterThread: Thread started: Thread Group 1-15
2023-04-02 13:57:57,804 INFO o.a.j.t.JMeterThread: Thread is done: Thread Group 1-15
2023-04-02 13:57:57,804 INFO o.a.j.t.JMeterThread: Thread finished: Thread Group 1-15
2023-04-02 13:57:57,804 INFO o.a.j.e.StandardJMeterEngine: Notifying test listeners of end of test
2023-04-02 13:57:57,804 INFO o.a.j.g.u.JMeterMenuBar: setRunning(false, *local*)
2023-04-02 13:58:13,977 INFO o.a.j.v.ViewResultsFullVisualizer: Add JavaFX to your Java installation if you want to use renderer: org.apache.jmeter.visualizers.RenderInBrowser
2023-04-02 14:01:02,703 INFO o.a.j.v.ViewResultsFullVisualizer: Add JavaFX to your Java installation if you want to use renderer: org.apache.jmeter.visualizers.RenderInBrowser
2023-04-02 14:01:25,565 INFO o.a.j.e.StandardJMeterEngine: Running the test!
2023-04-02 14:01:25,566 INFO o.a.j.s.SampleEvent: List of sample_variables: []
2023-04-02 14:01:25,567 INFO o.a.j.g.u.JMeterMenuBar: setRunning(true, *local*)
2023-04-02 14:01:25,660 INFO o.a.j.e.StandardJMeterEngine: Starting ThreadGroup: 1 : Thread Group
2023-04-02 14:01:25,661 INFO o.a.j.e.StandardJMeterEngine: Starting 15 threads for group Thread Group.
2023-04-02 14:01:25,661 INFO o.a.j.e.StandardJMeterEngine: Thread will continue on error
2023-04-02 14:01:25,661 INFO o.a.j.t.ThreadGroup: Starting thread group... number=1 threads=15 ramp-up=1 delayedStart=false
2023-04-02 14:01:25,664 INFO o.a.j.t.JMeterThread: Thread started: Thread Group 1-1
2023-04-02 14:01:25,672 INFO o.a.j.t.ThreadGroup: Started thread group number 1
2023-04-02 14:01:25,672 INFO o.a.j.e.StandardJMeterEngine: All thread groups have been started
2023-04-02 14:01:25,697 INFO o.a.j.t.JMeterThread: Thread is done: Thread Group 1-1
2023-04-02 14:01:25,697 INFO o.a.j.t.JMeterThread: Thread finished: Thread Group 1-1
2023-04-02 14:01:25,732 INFO o.a.j.t.JMeterThread: Thread started: Thread Group 1-2
2023-04-02 14:01:25,762 INFO o.a.j.t.JMeterThread: Thread is done: Thread Group 1-2
2023-04-02 14:01:25,762 INFO o.a.j.t.JMeterThread: Thread finished: Thread Group 1-2
2023-04-02 14:01:25,801 INFO o.a.j.t.JMeterThread: Thread started: Thread Group 1-3
2023-04-02 14:01:25,808 INFO o.a.j.t.JMeterThread: Thread is done: Thread Group 1-3
2023-04-02 14:01:25,808 INFO o.a.j.t.JMeterThread: Thread finished: Thread Group 1-3
2023-04-02 14:01:25,866 INFO o.a.j.t.JMeterThread: Thread started: Thread Group 1-4
2023-04-02 14:01:25,871 INFO o.a.j.t.JMeterThread: Thread is done: Thread Group 1-4
2023-04-02 14:01:25,871 INFO o.a.j.t.JMeterThread: Thread finished: Thread Group 1-4
2023-04-02 14:01:25,934 INFO o.a.j.t.JMeterThread: Thread started: Thread Group 1-5
2023-04-02 14:01:25,939 INFO o.a.j.t.JMeterThread: Thread is done: Thread Group 1-5
2023-04-02 14:01:25,939 INFO o.a.j.t.JMeterThread: Thread finished: Thread Group 1-5
2023-04-02 14:01:26,000 INFO o.a.j.t.JMeterThread: Thread started: Thread Group 1-6
2023-04-02 14:01:26,007 INFO o.a.j.t.JMeterThread: Thread is done: Thread Group 1-6
2023-04-02 14:01:26,007 INFO o.a.j.t.JMeterThread: Thread finished: Thread Group 1-6
2023-04-02 14:01:26,068 INFO o.a.j.t.JMeterThread: Thread started: Thread Group 1-7
2023-04-02 14:01:26,073 INFO o.a.j.t.JMeterThread: Thread is done: Thread Group 1-7
2023-04-02 14:01:26,073 INFO o.a.j.t.JMeterThread: Thread finished: Thread Group 1-7
2023-04-02 14:01:26,135 INFO o.a.j.t.JMeterThread: Thread started: Thread Group 1-8
2023-04-02 14:01:26,140 INFO o.a.j.t.JMeterThread: Thread is done: Thread Group 1-8
2023-04-02 14:01:26,140 INFO o.a.j.t.JMeterThread: Thread finished: Thread Group 1-8
2023-04-02 14:01:26,201 INFO o.a.j.t.JMeterThread: Thread started: Thread Group 1-9
2023-04-02 14:01:26,207 INFO o.a.j.t.JMeterThread: Thread is done: Thread Group 1-9
2023-04-02 14:01:26,207 INFO o.a.j.t.JMeterThread: Thread finished: Thread Group 1-9
2023-04-02 14:01:26,268 INFO o.a.j.t.JMeterThread: Thread started: Thread Group 1-10
2023-04-02 14:01:26,274 INFO o.a.j.t.JMeterThread: Thread is done: Thread Group 1-10
2023-04-02 14:01:26,274 INFO o.a.j.t.JMeterThread: Thread finished: Thread Group 1-10
2023-04-02 14:01:26,334 INFO o.a.j.t.JMeterThread: Thread started: Thread Group 1-11
2023-04-02 14:01:26,340 INFO o.a.j.t.JMeterThread: Thread is done: Thread Group 1-11
2023-04-02 14:01:26,340 INFO o.a.j.t.JMeterThread: Thread finished: Thread Group 1-11
2023-04-02 14:01:26,402 INFO o.a.j.t.JMeterThread: Thread started: Thread Group 1-12
2023-04-02 14:01:26,407 INFO o.a.j.t.JMeterThread: Thread is done: Thread Group 1-12
2023-04-02 14:01:26,408 INFO o.a.j.t.JMeterThread: Thread finished: Thread Group 1-12
2023-04-02 14:01:26,469 INFO o.a.j.t.JMeterThread: Thread started: Thread Group 1-13
2023-04-02 14:01:26,475 INFO o.a.j.t.JMeterThread: Thread is done: Thread Group 1-13
2023-04-02 14:01:26,475 INFO o.a.j.t.JMeterThread: Thread finished: Thread Group 1-13
2023-04-02 14:01:26,536 INFO o.a.j.t.JMeterThread: Thread started: Thread Group 1-14
2023-04-02 14:01:26,541 INFO o.a.j.t.JMeterThread: Thread is done: Thread Group 1-14
2023-04-02 14:01:26,541 INFO o.a.j.t.JMeterThread: Thread finished: Thread Group 1-14
2023-04-02 14:01:26,602 INFO o.a.j.t.JMeterThread: Thread started: Thread Group 1-15
2023-04-02 14:01:26,607 INFO o.a.j.t.JMeterThread: Thread is done: Thread Group 1-15
2023-04-02 14:01:26,607 INFO o.a.j.t.JMeterThread: Thread finished: Thread Group 1-15
2023-04-02 14:01:26,608 INFO o.a.j.e.StandardJMeterEngine: Notifying test listeners of end of test
2023-04-02 14:01:26,608 INFO o.a.j.g.u.JMeterMenuBar: setRunning(false, *local*)
2023-04-02 14:27:51,040 INFO o.a.j.e.StandardJMeterEngine: Running the test!
2023-04-02 14:27:51,041 INFO o.a.j.s.SampleEvent: List of sample_variables: []
2023-04-02 14:27:51,043 INFO o.a.j.g.u.JMeterMenuBar: setRunning(true, *local*)
2023-04-02 14:27:51,134 INFO o.a.j.e.StandardJMeterEngine: Starting ThreadGroup: 1 : Thread Group
2023-04-02 14:27:51,135 INFO o.a.j.e.StandardJMeterEngine: Starting 15 threads for group Thread Group.
2023-04-02 14:27:51,135 INFO o.a.j.e.StandardJMeterEngine: Thread will continue on error
2023-04-02 14:27:51,135 INFO o.a.j.t.ThreadGroup: Starting thread group... number=1 threads=15 ramp-up=1 delayedStart=false
2023-04-02 14:27:51,137 INFO o.a.j.t.JMeterThread: Thread started: Thread Group 1-1
2023-04-02 14:27:51,145 INFO o.a.j.t.ThreadGroup: Started thread group number 1
2023-04-02 14:27:51,146 INFO o.a.j.e.StandardJMeterEngine: All thread groups have been started
2023-04-02 14:27:51,180 INFO o.a.j.t.JMeterThread: Thread is done: Thread Group 1-1
2023-04-02 14:27:51,180 INFO o.a.j.t.JMeterThread: Thread finished: Thread Group 1-1
2023-04-02 14:27:51,205 INFO o.a.j.t.JMeterThread: Thread started: Thread Group 1-2
2023-04-02 14:27:51,225 INFO o.a.j.t.JMeterThread: Thread is done: Thread Group 1-2
2023-04-02 14:27:51,225 INFO o.a.j.t.JMeterThread: Thread finished: Thread Group 1-2
2023-04-02 14:27:51,271 INFO o.a.j.t.JMeterThread: Thread started: Thread Group 1-3
2023-04-02 14:27:51,283 INFO o.a.j.t.JMeterThread: Thread is done: Thread Group 1-3
2023-04-02 14:27:51,283 INFO o.a.j.t.JMeterThread: Thread finished: Thread Group 1-3
2023-04-02 14:27:51,339 INFO o.a.j.t.JMeterThread: Thread started: Thread Group 1-4
2023-04-02 14:27:51,350 INFO o.a.j.t.JMeterThread: Thread is done: Thread Group 1-4
2023-04-02 14:27:51,350 INFO o.a.j.t.JMeterThread: Thread finished: Thread Group 1-4
2023-04-02 14:27:51,405 INFO o.a.j.t.JMeterThread: Thread started: Thread Group 1-5
2023-04-02 14:27:51,410 INFO o.a.j.t.JMeterThread: Thread is done: Thread Group 1-5
2023-04-02 14:27:51,411 INFO o.a.j.t.JMeterThread: Thread finished: Thread Group 1-5
2023-04-02 14:27:51,473 INFO o.a.j.t.JMeterThread: Thread started: Thread Group 1-6
2023-04-02 14:27:51,479 INFO o.a.j.t.JMeterThread: Thread is done: Thread Group 1-6
2023-04-02 14:27:51,479 INFO o.a.j.t.JMeterThread: Thread finished: Thread Group 1-6
2023-04-02 14:27:51,539 INFO o.a.j.t.JMeterThread: Thread started: Thread Group 1-7
2023-04-02 14:27:51,545 INFO o.a.j.t.JMeterThread: Thread is done: Thread Group 1-7
2023-04-02 14:27:51,545 INFO o.a.j.t.JMeterThread: Thread finished: Thread Group 1-7
2023-04-02 14:27:51,609 INFO o.a.j.t.JMeterThread: Thread started: Thread Group 1-8
2023-04-02 14:27:51,615 INFO o.a.j.t.JMeterThread: Thread is done: Thread Group 1-8
2023-04-02 14:27:51,615 INFO o.a.j.t.JMeterThread: Thread finished: Thread Group 1-8
2023-04-02 14:27:51,673 INFO o.a.j.t.JMeterThread: Thread started: Thread Group 1-9
2023-04-02 14:27:51,678 INFO o.a.j.t.JMeterThread: Thread is done: Thread Group 1-9
2023-04-02 14:27:51,678 INFO o.a.j.t.JMeterThread: Thread finished: Thread Group 1-9
2023-04-02 14:27:51,740 INFO o.a.j.t.JMeterThread: Thread started: Thread Group 1-10
2023-04-02 14:27:51,752 INFO o.a.j.t.JMeterThread: Thread is done: Thread Group 1-10
2023-04-02 14:27:51,752 INFO o.a.j.t.JMeterThread: Thread finished: Thread Group 1-10
2023-04-02 14:27:51,807 INFO o.a.j.t.JMeterThread: Thread started: Thread Group 1-11
2023-04-02 14:27:51,818 INFO o.a.j.t.JMeterThread: Thread is done: Thread Group 1-11
2023-04-02 14:27:51,819 INFO o.a.j.t.JMeterThread: Thread finished: Thread Group 1-11
2023-04-02 14:27:51,873 INFO o.a.j.t.JMeterThread: Thread started: Thread Group 1-12
2023-04-02 14:27:51,886 INFO o.a.j.t.JMeterThread: Thread is done: Thread Group 1-12
2023-04-02 14:27:51,886 INFO o.a.j.t.JMeterThread: Thread finished: Thread Group 1-12
2023-04-02 14:27:51,942 INFO o.a.j.t.JMeterThread: Thread started: Thread Group 1-13
2023-04-02 14:27:51,953 INFO o.a.j.t.JMeterThread: Thread is done: Thread Group 1-13
2023-04-02 14:27:51,954 INFO o.a.j.t.JMeterThread: Thread finished: Thread Group 1-13
2023-04-02 14:27:52,009 INFO o.a.j.t.JMeterThread: Thread started: Thread Group 1-14
2023-04-02 14:27:52,022 INFO o.a.j.t.JMeterThread: Thread is done: Thread Group 1-14
2023-04-02 14:27:52,022 INFO o.a.j.t.JMeterThread: Thread finished: Thread Group 1-14
2023-04-02 14:27:52,077 INFO o.a.j.t.JMeterThread: Thread started: Thread Group 1-15
2023-04-02 14:27:52,088 INFO o.a.j.t.JMeterThread: Thread is done: Thread Group 1-15
2023-04-02 14:27:52,088 INFO o.a.j.t.JMeterThread: Thread finished: Thread Group 1-15
2023-04-02 14:27:52,089 INFO o.a.j.e.StandardJMeterEngine: Notifying test listeners of end of test
2023-04-02 14:27:52,089 INFO o.a.j.g.u.JMeterMenuBar: setRunning(false, *local*)
2023-04-02 14:28:30,706 INFO o.a.j.v.ViewResultsFullVisualizer: Add JavaFX to your Java installation if you want to use renderer: org.apache.jmeter.visualizers.RenderInBrowser
2023-04-02 14:29:01,469 INFO o.a.j.v.ViewResultsFullVisualizer: Add JavaFX to your Java installation if you want to use renderer: org.apache.jmeter.visualizers.RenderInBrowser
2023-04-02 14:29:04,741 INFO o.a.j.e.StandardJMeterEngine: Running the test!
2023-04-02 14:29:04,741 INFO o.a.j.s.SampleEvent: List of sample_variables: []
2023-04-02 14:29:04,742 INFO o.a.j.g.u.JMeterMenuBar: setRunning(true, *local*)
2023-04-02 14:29:04,825 INFO o.a.j.e.StandardJMeterEngine: Starting ThreadGroup: 1 : Thread Group
2023-04-02 14:29:04,825 INFO o.a.j.e.StandardJMeterEngine: Starting 15 threads for group Thread Group.
2023-04-02 14:29:04,825 INFO o.a.j.e.StandardJMeterEngine: Thread will continue on error
2023-04-02 14:29:04,826 INFO o.a.j.t.ThreadGroup: Starting thread group... number=1 threads=15 ramp-up=1 delayedStart=false
2023-04-02 14:29:04,827 INFO o.a.j.t.JMeterThread: Thread started: Thread Group 1-1
2023-04-02 14:29:04,834 INFO o.a.j.t.ThreadGroup: Started thread group number 1
2023-04-02 14:29:04,835 INFO o.a.j.e.StandardJMeterEngine: All thread groups have been started
2023-04-02 14:29:04,895 INFO o.a.j.t.JMeterThread: Thread started: Thread Group 1-2
2023-04-02 14:29:04,930 INFO o.a.j.t.JMeterThread: Thread is done: Thread Group 1-1
2023-04-02 14:29:04,930 INFO o.a.j.t.JMeterThread: Thread finished: Thread Group 1-1
2023-04-02 14:29:04,962 INFO o.a.j.t.JMeterThread: Thread started: Thread Group 1-3
2023-04-02 14:29:04,977 INFO o.a.j.t.JMeterThread: Thread is done: Thread Group 1-3
2023-04-02 14:29:04,977 INFO o.a.j.t.JMeterThread: Thread finished: Thread Group 1-3
2023-04-02 14:29:04,992 INFO o.a.j.t.JMeterThread: Thread is done: Thread Group 1-2
2023-04-02 14:29:04,992 INFO o.a.j.t.JMeterThread: Thread finished: Thread Group 1-2
2023-04-02 14:29:05,031 INFO o.a.j.t.JMeterThread: Thread started: Thread Group 1-4
2023-04-02 14:29:05,043 INFO o.a.j.t.JMeterThread: Thread is done: Thread Group 1-4
2023-04-02 14:29:05,043 INFO o.a.j.t.JMeterThread: Thread finished: Thread Group 1-4
2023-04-02 14:29:05,098 INFO o.a.j.t.JMeterThread: Thread started: Thread Group 1-5
2023-04-02 14:29:05,109 INFO o.a.j.t.JMeterThread: Thread is done: Thread Group 1-5
2023-04-02 14:29:05,110 INFO o.a.j.t.JMeterThread: Thread finished: Thread Group 1-5
2023-04-02 14:29:05,166 INFO o.a.j.t.JMeterThread: Thread started: Thread Group 1-6
2023-04-02 14:29:05,171 INFO o.a.j.t.JMeterThread: Thread is done: Thread Group 1-6
2023-04-02 14:29:05,171 INFO o.a.j.t.JMeterThread: Thread finished: Thread Group 1-6
2023-04-02 14:29:05,231 INFO o.a.j.t.JMeterThread: Thread started: Thread Group 1-7
2023-04-02 14:29:05,236 INFO o.a.j.t.JMeterThread: Thread is done: Thread Group 1-7
2023-04-02 14:29:05,236 INFO o.a.j.t.JMeterThread: Thread finished: Thread Group 1-7
2023-04-02 14:29:05,298 INFO o.a.j.t.JMeterThread: Thread started: Thread Group 1-8
2023-04-02 14:29:05,304 INFO o.a.j.t.JMeterThread: Thread is done: Thread Group 1-8
2023-04-02 14:29:05,304 INFO o.a.j.t.JMeterThread: Thread finished: Thread Group 1-8
2023-04-02 14:29:05,365 INFO o.a.j.t.JMeterThread: Thread started: Thread Group 1-9
2023-04-02 14:29:05,376 INFO o.a.j.t.JMeterThread: Thread is done: Thread Group 1-9
2023-04-02 14:29:05,377 INFO o.a.j.t.JMeterThread: Thread finished: Thread Group 1-9
2023-04-02 14:29:05,431 INFO o.a.j.t.JMeterThread: Thread started: Thread Group 1-10
2023-04-02 14:29:05,443 INFO o.a.j.t.JMeterThread: Thread is done: Thread Group 1-10
2023-04-02 14:29:05,443 INFO o.a.j.t.JMeterThread: Thread finished: Thread Group 1-10
2023-04-02 14:29:05,498 INFO o.a.j.t.JMeterThread: Thread started: Thread Group 1-11
2023-04-02 14:29:05,506 INFO o.a.j.t.JMeterThread: Thread is done: Thread Group 1-11
2023-04-02 14:29:05,506 INFO o.a.j.t.JMeterThread: Thread finished: Thread Group 1-11
2023-04-02 14:29:05,566 INFO o.a.j.t.JMeterThread: Thread started: Thread Group 1-12
2023-04-02 14:29:05,574 INFO o.a.j.t.JMeterThread: Thread is done: Thread Group 1-12
2023-04-02 14:29:05,574 INFO o.a.j.t.JMeterThread: Thread finished: Thread Group 1-12
2023-04-02 14:29:05,634 INFO o.a.j.t.JMeterThread: Thread started: Thread Group 1-13
2023-04-02 14:29:05,643 INFO o.a.j.t.JMeterThread: Thread is done: Thread Group 1-13
2023-04-02 14:29:05,643 INFO o.a.j.t.JMeterThread: Thread finished: Thread Group 1-13
2023-04-02 14:29:05,700 INFO o.a.j.t.JMeterThread: Thread started: Thread Group 1-14
2023-04-02 14:29:05,711 INFO o.a.j.t.JMeterThread: Thread is done: Thread Group 1-14
2023-04-02 14:29:05,711 INFO o.a.j.t.JMeterThread: Thread finished: Thread Group 1-14
2023-04-02 14:29:05,766 INFO o.a.j.t.JMeterThread: Thread started: Thread Group 1-15
2023-04-02 14:29:05,778 INFO o.a.j.t.JMeterThread: Thread is done: Thread Group 1-15
2023-04-02 14:29:05,778 INFO o.a.j.t.JMeterThread: Thread finished: Thread Group 1-15
2023-04-02 14:29:05,779 INFO o.a.j.e.StandardJMeterEngine: Notifying test listeners of end of test
2023-04-02 14:29:05,780 INFO o.a.j.g.u.JMeterMenuBar: setRunning(false, *local*)
